2025-12-12 21:46:11,275 INFO Parsed: apis\TS24283_Lms_Information (1).yaml
2025-12-12 21:46:11,335 INFO Parsed: apis\TS24283_Lms_Reporting.yaml
2025-12-12 21:46:11,342 INFO Parsed: apis\TS24549_ETC_Configuration.yaml
2025-12-12 21:46:11,354 INFO Parsed: apis\TS24549_NSCE_SliceInfo.yaml
2025-12-12 21:46:11,369 ERROR Error parsing apis\TS24550_SS_SmDataSourceRegistration.yaml: 'list' object has no attribute 'get'
2025-12-12 21:49:25,078 INFO Parsed apis\TS24283_Lms_Information (1).yaml
2025-12-12 21:49:25,148 INFO Parsed apis\TS24283_Lms_Reporting.yaml
2025-12-12 21:49:25,156 INFO Parsed apis\TS24549_ETC_Configuration.yaml
2025-12-12 21:49:25,167 INFO Parsed apis\TS24549_NSCE_SliceInfo.yaml
2025-12-12 21:49:25,183 ERROR apis\TS24550_SS_SmDataSourceRegistration.yaml => 'list' object has no attribute 'get'
{"time": "2025-12-12 21:51:05,160", "level": "INFO", "message": "{"file": "apis\TS24283_Lms_Information (1).yaml", "status": "parsed"}"}
{"time": "2025-12-12 21:51:05,475", "level": "INFO", "message": "{"file": "apis\TS24283_Lms_Reporting.yaml", "status": "parsed"}"}
{"time": "2025-12-12 21:51:05,493", "level": "INFO", "message": "{"file": "apis\TS24549_ETC_Configuration.yaml", "status": "parsed"}"}
{"time": "2025-12-12 21:51:05,546", "level": "INFO", "message": "{"file": "apis\TS24549_NSCE_SliceInfo.yaml", "status": "parsed"}"}
{"time": "2025-12-12 21:51:05,615", "level": "ERROR", "message": "{"file": "apis\TS24550_SS_SmDataSourceRegistration.yaml", "error": "'list' object has no attribute 'get'"}"}
{"time": "2025-12-12 21:56:09,105", "level": "INFO", "message": "{"file": "apis\TS24283_Lms_Information (1).yaml", "status": "parsed"}"}
{"time": "2025-12-12 21:56:09,160", "level": "INFO", "message": "{"file": "apis\TS24283_Lms_Reporting.yaml", "status": "parsed"}"}
{"time": "2025-12-12 21:56:09,181", "level": "INFO", "message": "{"file": "apis\TS24549_ETC_Configuration.yaml", "status": "parsed"}"}
{"time": "2025-12-12 21:56:09,194", "level": "INFO", "message": "{"file": "apis\TS24549_NSCE_SliceInfo.yaml", "status": "parsed"}"}
{"time": "2025-12-12 21:56:09,210", "level": "ERROR", "message": "{"file": "apis\TS24550_SS_SmDataSourceRegistration.yaml", "error": "'list' object has no attribute 'get'"}"}
{"time": "2025-12-13 09:09:32,096", "level": "INFO", "message": "{"file": "apis\TS24283_Lms_Information (1).yaml", "status": "parsed"}"}
{"time": "2025-12-13 09:09:32,442", "level": "INFO", "message": "{"file": "apis\TS24283_Lms_Reporting.yaml", "status": "parsed"}"}
{"time": "2025-12-13 09:09:32,475", "level": "INFO", "message": "{"file": "apis\TS24549_ETC_Configuration.yaml", "status": "parsed"}"}
{"time": "2025-12-13 09:09:32,543", "level": "INFO", "message": "{"file": "apis\TS24549_NSCE_SliceInfo.yaml", "status": "parsed"}"}
{"time": "2025-12-13 09:09:32,697", "level": "ERROR", "message": "{"file": "apis\TS24550_SS_SmDataSourceRegistration.yaml", "error": "'list' object has no attribute 'get'"}"}
